<?xml version="1.0" encoding="UTF-8"?>
<testsuite name="com.macv.market.MarketApplicationTests" tests="1" skipped="0" failures="0" errors="0" timestamp="2023-09-27T00:27:21" hostname="MATEOVASCO" time="0.157">
  <properties/>
  <testcase name="contextLoads()" classname="com.macv.market.MarketApplicationTests" time="0.157"/>
  <system-out><![CDATA[19:27:11.719 [Test worker] DEBUG org.springframework.test.context.BootstrapUtils - Instantiating CacheAwareContextLoaderDelegate from class [org.springframework.test.context.cache.DefaultCacheAwareContextLoaderDelegate]
19:27:11.728 [Test worker] DEBUG org.springframework.test.context.BootstrapUtils - Instantiating BootstrapContext using constructor [public org.springframework.test.context.support.DefaultBootstrapContext(java.lang.Class,org.springframework.test.context.CacheAwareContextLoaderDelegate)]
19:27:11.756 [Test worker] DEBUG org.springframework.test.context.BootstrapUtils - Instantiating TestContextBootstrapper for test class [com.macv.market.MarketApplicationTests] from class [org.springframework.boot.test.context.SpringBootTestContextBootstrapper]
19:27:11.766 [Test worker] INFO org.springframework.boot.test.context.SpringBootTestContextBootstrapper - Neither @ContextConfiguration nor @ContextHierarchy found for test class [com.macv.market.MarketApplicationTests], using SpringBootContextLoader
19:27:11.769 [Test worker] DEBUG org.springframework.test.context.support.AbstractContextLoader - Did not detect default resource location for test class [com.macv.market.MarketApplicationTests]: class path resource [com/macv/market/MarketApplicationTests-context.xml] does not exist
19:27:11.770 [Test worker] DEBUG org.springframework.test.context.support.AbstractContextLoader - Did not detect default resource location for test class [com.macv.market.MarketApplicationTests]: class path resource [com/macv/market/MarketApplicationTestsContext.groovy] does not exist
19:27:11.770 [Test worker] INFO org.springframework.test.context.support.AbstractContextLoader - Could not detect default resource locations for test class [com.macv.market.MarketApplicationTests]: no resource found for suffixes {-context.xml, Context.groovy}.
19:27:11.770 [Test worker] INFO org.springframework.test.context.support.AnnotationConfigContextLoaderUtils - Could not detect default configuration classes for test class [com.macv.market.MarketApplicationTests]: MarketApplicationTests does not declare any static, non-private, non-final, nested classes annotated with @Configuration.
19:27:11.826 [Test worker] DEBUG org.springframework.test.context.support.ActiveProfilesUtils - Could not find an 'annotation declaring class' for annotation type [org.springframework.test.context.ActiveProfiles] and class [com.macv.market.MarketApplicationTests]
19:27:11.907 [Test worker] DEBUG org.springframework.context.annotation.ClassPathScanningCandidateComponentProvider - Identified candidate component class: file [C:\Users\matec\IdeaProjects\market\build\classes\java\main\com\macv\market\MarketApplication.class]
19:27:11.907 [Test worker] INFO org.springframework.boot.test.context.SpringBootTestContextBootstrapper - Found @SpringBootConfiguration com.macv.market.MarketApplication for test class com.macv.market.MarketApplicationTests
19:27:12.069 [Test worker] DEBUG org.springframework.boot.test.context.SpringBootTestContextBootstrapper - @TestExecutionListeners is not present for class [com.macv.market.MarketApplicationTests]: using defaults.
19:27:12.070 [Test worker] INFO org.springframework.boot.test.context.SpringBootTestContextBootstrapper - Loaded default TestExecutionListener class names from location [META-INF/spring.factories]: [org.springframework.boot.test.autoconfigure.restdocs.RestDocsTestExecutionListener, org.springframework.boot.test.autoconfigure.web.client.MockRestServiceServerResetTestExecutionListener, org.springframework.boot.test.autoconfigure.web.servlet.MockMvcPrintOnlyOnFailureTestExecutionListener, org.springframework.boot.test.autoconfigure.web.servlet.WebDriverTestExecutionListener, org.springframework.boot.test.autoconfigure.webservices.client.MockWebServiceServerTestExecutionListener, org.springframework.boot.test.mock.mockito.MockitoTestExecutionListener, org.springframework.boot.test.mock.mockito.ResetMocksTestExecutionListener, org.springframework.test.context.web.ServletTestExecutionListener, org.springframework.test.context.support.DirtiesContextBeforeModesTestExecutionListener, org.springframework.test.context.event.ApplicationEventsTestExecutionListener, org.springframework.test.context.support.DependencyInjectionTestExecutionListener, org.springframework.test.context.support.DirtiesContextTestExecutionListener, org.springframework.test.context.transaction.TransactionalTestExecutionListener, org.springframework.test.context.jdbc.SqlScriptsTestExecutionListener, org.springframework.test.context.event.EventPublishingTestExecutionListener]
19:27:12.090 [Test worker] INFO org.springframework.boot.test.context.SpringBootTestContextBootstrapper - Using TestExecutionListeners: [org.springframework.test.context.web.ServletTestExecutionListener@58783f6c, org.springframework.test.context.support.DirtiesContextBeforeModesTestExecutionListener@3a7b503d, org.springframework.test.context.event.ApplicationEventsTestExecutionListener@512d92b, org.springframework.boot.test.mock.mockito.MockitoTestExecutionListener@62c5bbdc, org.springframework.boot.test.autoconfigure.SpringBootDependencyInjectionTestExecutionListener@7bdf6bb7, org.springframework.test.context.support.DirtiesContextTestExecutionListener@1bc53649, org.springframework.test.context.transaction.TransactionalTestExecutionListener@88d6f9b, org.springframework.test.context.jdbc.SqlScriptsTestExecutionListener@47d93e0d, org.springframework.test.context.event.EventPublishingTestExecutionListener@475b7792, org.springframework.boot.test.autoconfigure.restdocs.RestDocsTestExecutionListener@751e664e, org.springframework.boot.test.autoconfigure.web.client.MockRestServiceServerResetTestExecutionListener@160c3ec1, org.springframework.boot.test.autoconfigure.web.servlet.MockMvcPrintOnlyOnFailureTestExecutionListener@182b435b, org.springframework.boot.test.autoconfigure.web.servlet.WebDriverTestExecutionListener@4d0402b, org.springframework.boot.test.autoconfigure.webservices.client.MockWebServiceServerTestExecutionListener@2fa7ae9, org.springframework.boot.test.mock.mockito.ResetMocksTestExecutionListener@7577b641]
19:27:12.095 [Test worker] DEBUG org.springframework.test.context.support.AbstractDirtiesContextTestExecutionListener - Before test class: context [DefaultTestContext@6831d8fd testClass = MarketApplicationTests, testInstance = [null], testMethod = [null], testException = [null], mergedContextConfiguration = [WebMergedContextConfiguration@27dc79f7 testClass = MarketApplicationTests, locations = '{}', classes = '{class com.macv.market.MarketApplication}', contextInitializerClasses = '[]', activeProfiles = '{}', propertySourceLocations = '{}', propertySourceProperties = '{org.springframework.boot.test.context.SpringBootTestContextBootstrapper=true}', contextCustomizers = set[org.springframework.boot.test.autoconfigure.actuate.metrics.MetricsExportContextCustomizerFactory$DisableMetricExportContextCustomizer@1698ee84, org.springframework.boot.test.autoconfigure.properties.PropertyMappingContextCustomizer@0, org.springframework.boot.test.autoconfigure.web.servlet.WebDriverContextCustomizerFactory$Customizer@4ee37ca3, org.springframework.boot.test.context.filter.ExcludeFilterContextCustomizer@422c3c7a, org.springframework.boot.test.json.DuplicateJsonObjectContextCustomizerFactory$DuplicateJsonObjectContextCustomizer@75e91545, org.springframework.boot.test.mock.mockito.MockitoContextCustomizer@0, org.springframework.boot.test.web.client.TestRestTemplateContextCustomizer@4fbda97b, org.springframework.boot.test.context.SpringBootTestArgs@1, org.springframework.boot.test.context.SpringBootTestWebEnvironment@2bec854f], resourceBasePath = 'src/main/webapp', contextLoader = 'org.springframework.boot.test.context.SpringBootContextLoader', parent = [null]], attributes = map['org.springframework.test.context.web.ServletTestExecutionListener.activateListener' -> true]], class annotated with @DirtiesContext [false] with mode [null].

  .   ____          _            __ _ _
 /\\ / ___'_ __ _ _(_)_ __  __ _ \ \ \ \
( ( )\___ | '_ | '_| | '_ \/ _` | \ \ \ \
 \\/  ___)| |_)| | | | | || (_| |  ) ) ) )
  '  |____| .__|_| |_|_| |_\__, | / / / /
 =========|_|==============|___/=/_/_/_/
 :: Spring Boot ::               (v2.7.15)

2023-09-26 19:27:12.624  INFO 2088 --- [    Test worker] com.macv.market.MarketApplicationTests   : Starting MarketApplicationTests using Java 11.0.20 on MateoVasco with PID 2088 (started by matec in C:\Users\matec\IdeaProjects\market)
2023-09-26 19:27:12.626  INFO 2088 --- [    Test worker] com.macv.market.MarketApplicationTests   : No active profile set, falling back to 1 default profile: "default"
2023-09-26 19:27:13.770  INFO 2088 --- [    Test worker] .s.d.r.c.RepositoryConfigurationDelegate : Bootstrapping Spring Data JPA repositories in DEFAULT mode.
2023-09-26 19:27:13.853  INFO 2088 --- [    Test worker] .s.d.r.c.RepositoryConfigurationDelegate : Finished Spring Data repository scanning in 66 ms. Found 3 JPA repository interfaces.
2023-09-26 19:27:14.598  INFO 2088 --- [    Test worker] com.zaxxer.hikari.HikariDataSource       : HikariPool-1 - Starting...
2023-09-26 19:27:16.160  INFO 2088 --- [    Test worker] com.zaxxer.hikari.HikariDataSource       : HikariPool-1 - Start completed.
2023-09-26 19:27:16.207  INFO 2088 --- [    Test worker] o.hibernate.jpa.internal.util.LogHelper  : HHH000204: Processing PersistenceUnitInfo [name: default]
2023-09-26 19:27:16.246  INFO 2088 --- [    Test worker] org.hibernate.Version                    : HHH000412: Hibernate ORM core version 5.6.15.Final
2023-09-26 19:27:16.377  INFO 2088 --- [    Test worker] o.hibernate.annotations.common.Version   : HCANN000001: Hibernate Commons Annotations {5.1.2.Final}
2023-09-26 19:27:16.520  INFO 2088 --- [    Test worker] org.hibernate.dialect.Dialect            : HHH000400: Using dialect: org.hibernate.dialect.PostgreSQL10Dialect
2023-09-26 19:27:16.972  WARN 2088 --- [    Test worker] org.hibernate.mapping.RootClass          : HHH000038: Composite-id class does not override equals(): com.macv.market.persistence.entity.ComprasProductoPK
2023-09-26 19:27:16.972  WARN 2088 --- [    Test worker] org.hibernate.mapping.RootClass          : HHH000039: Composite-id class does not override hashCode(): com.macv.market.persistence.entity.ComprasProductoPK
2023-09-26 19:27:17.312  INFO 2088 --- [    Test worker] o.h.e.t.j.p.i.JtaPlatformInitiator       : HHH000490: Using JtaPlatform implementation: [org.hibernate.engine.transaction.jta.platform.internal.NoJtaPlatform]
2023-09-26 19:27:17.321  INFO 2088 --- [    Test worker] j.LocalContainerEntityManagerFactoryBean : Initialized JPA EntityManagerFactory for persistence unit 'default'
2023-09-26 19:27:18.527  WARN 2088 --- [    Test worker] JpaBaseConfiguration$JpaWebConfiguration : spring.jpa.open-in-view is enabled by default. Therefore, database queries may be performed during view rendering. Explicitly configure spring.jpa.open-in-view to disable this warning
2023-09-26 19:27:19.251  INFO 2088 --- [    Test worker] pertySourcedRequestMappingHandlerMapping : Mapped URL path [/v2/api-docs] onto method [springfox.documentation.swagger2.web.Swagger2Controller#getDocumentation(String, HttpServletRequest)]
2023-09-26 19:27:20.607  INFO 2088 --- [    Test worker] d.s.w.p.DocumentationPluginsBootstrapper : Context refreshed
2023-09-26 19:27:20.675  INFO 2088 --- [    Test worker] d.s.w.p.DocumentationPluginsBootstrapper : Found 1 custom documentation plugin(s)
2023-09-26 19:27:20.767  INFO 2088 --- [    Test worker] s.d.s.w.s.ApiListingReferenceScanner     : Scanning for api listing references
2023-09-26 19:27:21.071  INFO 2088 --- [    Test worker] .d.s.w.r.o.CachingOperationNameGenerator : Generating unique operation named: getAllUsingGET_1
2023-09-26 19:27:21.082  INFO 2088 --- [    Test worker] .d.s.w.r.o.CachingOperationNameGenerator : Generating unique operation named: saveUsingPOST_1
2023-09-26 19:27:21.138  INFO 2088 --- [    Test worker] com.macv.market.MarketApplicationTests   : Started MarketApplicationTests in 9.001 seconds (JVM running for 10.249)
]]></system-out>
  <system-err><![CDATA[]]></system-err>
</testsuite>
